<?xml version="1.0" encoding="UTF-8"?>
<coverage generated="1638879403005" clover="3.2.0">
  <project timestamp="1638879403005" name="All files">
    <metrics statements="32" coveredstatements="32" conditionals="35" coveredconditionals="34" methods="3" coveredmethods="3" elements="70" coveredelements="69" complexity="0" loc="32" ncloc="32" packages="1" files="1" classes="1"/>
    <file name="gilded-rose.ts" path="/Users/miguel/Dropbox/Cursos/fullstackTDD/workspace/gilded-rose/src/core/gilded-rose.ts">
      <metrics statements="32" coveredstatements="32" conditionals="35" coveredconditionals="34" methods="3" coveredmethods="3"/>
      <line num="1" count="1" type="stmt"/>
      <line num="7" count="2652" type="stmt"/>
      <line num="8" count="2652" type="stmt"/>
      <line num="9" count="2652" type="stmt"/>
      <line num="13" count="1" type="stmt"/>
      <line num="17" count="1" type="stmt"/>
      <line num="21" count="1" type="stmt"/>
      <line num="22" count="2652" type="cond" truecount="4" falsecount="0"/>
      <line num="23" count="1326" type="cond" truecount="2" falsecount="0"/>
      <line num="24" count="1300" type="cond" truecount="2" falsecount="0"/>
      <line num="25" count="650" type="stmt"/>
      <line num="29" count="1326" type="cond" truecount="2" falsecount="0"/>
      <line num="30" count="1300" type="stmt"/>
      <line num="31" count="1300" type="cond" truecount="2" falsecount="0"/>
      <line num="32" count="650" type="cond" truecount="2" falsecount="0"/>
      <line num="33" count="600" type="cond" truecount="2" falsecount="0"/>
      <line num="34" count="588" type="stmt"/>
      <line num="37" count="650" type="cond" truecount="2" falsecount="0"/>
      <line num="38" count="350" type="cond" truecount="2" falsecount="0"/>
      <line num="39" count="336" type="stmt"/>
      <line num="45" count="2652" type="cond" truecount="2" falsecount="0"/>
      <line num="46" count="1989" type="stmt"/>
      <line num="48" count="2652" type="cond" truecount="2" falsecount="0"/>
      <line num="49" count="357" type="cond" truecount="2" falsecount="0"/>
      <line num="50" count="255" type="cond" truecount="2" falsecount="0"/>
      <line num="51" count="153" type="cond" truecount="2" falsecount="0"/>
      <line num="52" count="148" type="cond" truecount="2" falsecount="0"/>
      <line num="53" count="98" type="stmt"/>
      <line num="57" count="102" type="stmt"/>
      <line num="60" count="102" type="cond" truecount="2" falsecount="0"/>
      <line num="61" count="98" type="stmt"/>
      <line num="67" count="1" type="stmt"/>
    </file>
  </project>
</coverage>
