<?xml version="1.0" encoding="UTF-8"?>
<coverage generated="1639042512599" clover="3.2.0">
  <project timestamp="1639042512599" name="All files">
    <metrics statements="40" coveredstatements="40" conditionals="28" coveredconditionals="28" methods="11" coveredmethods="11" elements="79" coveredelements="79" complexity="0" loc="40" ncloc="40" packages="1" files="1" classes="1"/>
    <file name="gilded-rose.ts" path="/Users/miguel/Dropbox/Cursos/fullstackTDD/workspace/gilded-rose/src/core/gilded-rose.ts">
      <metrics statements="40" coveredstatements="40" conditionals="28" coveredconditionals="28" methods="11" coveredmethods="11"/>
      <line num="1" count="1" type="stmt"/>
      <line num="7" count="2653" type="stmt"/>
      <line num="8" count="2653" type="stmt"/>
      <line num="9" count="2653" type="stmt"/>
      <line num="13" count="1" type="stmt"/>
      <line num="14" count="2653" type="stmt"/>
      <line num="17" count="2653" type="stmt"/>
      <line num="19" count="663" type="stmt"/>
      <line num="21" count="663" type="stmt"/>
      <line num="23" count="663" type="stmt"/>
      <line num="25" count="664" type="stmt"/>
      <line num="30" count="664" type="cond" truecount="2" falsecount="0"/>
      <line num="31" count="650" type="stmt"/>
      <line num="33" count="664" type="stmt"/>
      <line num="34" count="664" type="cond" truecount="2" falsecount="0"/>
      <line num="35" count="103" type="cond" truecount="2" falsecount="0"/>
      <line num="36" count="98" type="stmt"/>
      <line num="42" count="2652" type="stmt"/>
      <line num="52" count="663" type="cond" truecount="2" falsecount="0"/>
      <line num="53" count="650" type="stmt"/>
      <line num="55" count="663" type="stmt"/>
      <line num="56" count="663" type="cond" truecount="2" falsecount="0"/>
      <line num="57" count="102" type="cond" truecount="2" falsecount="0"/>
      <line num="58" count="98" type="stmt"/>
      <line num="66" count="663" type="cond" truecount="2" falsecount="0"/>
      <line num="67" count="650" type="stmt"/>
      <line num="68" count="650" type="cond" truecount="2" falsecount="0"/>
      <line num="69" count="600" type="cond" truecount="2" falsecount="0"/>
      <line num="70" count="588" type="stmt"/>
      <line num="73" count="650" type="cond" truecount="2" falsecount="0"/>
      <line num="74" count="350" type="cond" truecount="2" falsecount="0"/>
      <line num="75" count="336" type="stmt"/>
      <line num="79" count="663" type="stmt"/>
      <line num="80" count="663" type="cond" truecount="2" falsecount="0"/>
      <line num="81" count="102" type="stmt"/>
      <line num="90" count="1" type="stmt"/>
      <line num="91" count="2" type="stmt"/>
      <line num="94" count="2" type="stmt"/>
      <line num="95" count="2653" type="stmt"/>
      <line num="98" count="2" type="stmt"/>
    </file>
  </project>
</coverage>
