{"/Users/miguel/Dropbox/Cursos/fullstackTDD/workspace/gilded-rose/src/core/gilded-rose.ts": {"path":"/Users/miguel/Dropbox/Cursos/fullstackTDD/workspace/gilded-rose/src/core/gilded-rose.ts","statementMap":{"0":{"start":{"line":7,"column":2},"end":{"line":7,"column":19}},"1":{"start":{"line":8,"column":2},"end":{"line":8,"column":23}},"2":{"start":{"line":9,"column":2},"end":{"line":9,"column":25}},"3":{"start":{"line":1,"column":0},"end":{"line":1,"column":13}},"4":{"start":{"line":14,"column":33},"end":{"line":14,"column":45}},"5":{"start":{"line":14,"column":57},"end":{"line":14,"column":71}},"6":{"start":{"line":14,"column":83},"end":{"line":14,"column":98}},"7":{"start":{"line":17,"column":2},"end":{"line":26,"column":null}},"8":{"start":{"line":19,"column":4},"end":{"line":19,"column":null}},"9":{"start":{"line":21,"column":4},"end":{"line":21,"column":null}},"10":{"start":{"line":23,"column":4},"end":{"line":23,"column":null}},"11":{"start":{"line":25,"column":4},"end":{"line":25,"column":null}},"12":{"start":{"line":30,"column":2},"end":{"line":32,"column":null}},"13":{"start":{"line":31,"column":3},"end":{"line":31,"column":35}},"14":{"start":{"line":33,"column":2},"end":{"line":33,"column":32}},"15":{"start":{"line":34,"column":2},"end":{"line":38,"column":null}},"16":{"start":{"line":35,"column":3},"end":{"line":37,"column":null}},"17":{"start":{"line":36,"column":4},"end":{"line":36,"column":36}},"18":{"start":{"line":42,"column":2},"end":{"line":46,"column":null}},"19":{"start":{"line":13,"column":0},"end":{"line":13,"column":13}},"20":{"start":{"line":52,"column":2},"end":{"line":54,"column":null}},"21":{"start":{"line":53,"column":3},"end":{"line":53,"column":35}},"22":{"start":{"line":55,"column":2},"end":{"line":55,"column":32}},"23":{"start":{"line":56,"column":2},"end":{"line":60,"column":null}},"24":{"start":{"line":57,"column":3},"end":{"line":59,"column":null}},"25":{"start":{"line":58,"column":4},"end":{"line":58,"column":36}},"26":{"start":{"line":66,"column":2},"end":{"line":78,"column":null}},"27":{"start":{"line":67,"column":3},"end":{"line":67,"column":35}},"28":{"start":{"line":68,"column":3},"end":{"line":72,"column":null}},"29":{"start":{"line":69,"column":4},"end":{"line":71,"column":null}},"30":{"start":{"line":70,"column":5},"end":{"line":70,"column":37}},"31":{"start":{"line":73,"column":3},"end":{"line":77,"column":null}},"32":{"start":{"line":74,"column":4},"end":{"line":76,"column":null}},"33":{"start":{"line":75,"column":5},"end":{"line":75,"column":37}},"34":{"start":{"line":79,"column":2},"end":{"line":79,"column":32}},"35":{"start":{"line":80,"column":2},"end":{"line":82,"column":null}},"36":{"start":{"line":81,"column":3},"end":{"line":81,"column":46}},"37":{"start":{"line":91,"column":20},"end":{"line":91,"column":46}},"38":{"start":{"line":94,"column":2},"end":{"line":96,"column":5}},"39":{"start":{"line":95,"column":3},"end":{"line":95,"column":26}},"40":{"start":{"line":98,"column":2},"end":{"line":98,"column":20}},"41":{"start":{"line":90,"column":0},"end":{"line":90,"column":13}}},"fnMap":{"0":{"name":"(anonymous_0)","decl":{"start":{"line":6,"column":1},"end":{"line":6,"column":13}},"loc":{"start":{"line":6,"column":34},"end":{"line":10,"column":2}}},"1":{"name":"(anonymous_1)","decl":{"start":{"line":14,"column":1},"end":{"line":14,"column":33}},"loc":{"start":{"line":14,"column":98},"end":{"line":14,"column":102}}},"2":{"name":"(anonymous_2)","decl":{"start":{"line":16,"column":1},"end":{"line":16,"column":7}},"loc":{"start":{"line":16,"column":28},"end":{"line":27,"column":2}}},"3":{"name":"(anonymous_3)","decl":{"start":{"line":29,"column":1},"end":{"line":29,"column":16}},"loc":{"start":{"line":29,"column":16},"end":{"line":39,"column":2}}},"4":{"name":"(anonymous_4)","decl":{"start":{"line":41,"column":1},"end":{"line":41,"column":9}},"loc":{"start":{"line":41,"column":9},"end":{"line":47,"column":2}}},"5":{"name":"(anonymous_5)","decl":{"start":{"line":51,"column":1},"end":{"line":51,"column":16}},"loc":{"start":{"line":51,"column":16},"end":{"line":61,"column":2}}},"6":{"name":"(anonymous_6)","decl":{"start":{"line":65,"column":1},"end":{"line":65,"column":16}},"loc":{"start":{"line":65,"column":16},"end":{"line":83,"column":2}}},"7":{"name":"(anonymous_7)","decl":{"start":{"line":87,"column":1},"end":{"line":87,"column":16}},"loc":{"start":{"line":87,"column":16},"end":{"line":87,"column":21}}},"8":{"name":"(anonymous_8)","decl":{"start":{"line":91,"column":1},"end":{"line":91,"column":20}},"loc":{"start":{"line":91,"column":46},"end":{"line":91,"column":50}}},"9":{"name":"(anonymous_9)","decl":{"start":{"line":93,"column":1},"end":{"line":93,"column":14}},"loc":{"start":{"line":93,"column":14},"end":{"line":99,"column":2}}},"10":{"name":"(anonymous_10)","decl":{"start":{"line":94,"column":21},"end":{"line":94,"column":25}},"loc":{"start":{"line":94,"column":28},"end":{"line":96,"column":3}}}},"branchMap":{"0":{"loc":{"start":{"line":18,"column":3},"end":{"line":19,"column":null}},"type":"switch","locations":[{"start":{"line":18,"column":3},"end":{"line":19,"column":null}},{"start":{"line":20,"column":3},"end":{"line":21,"column":null}},{"start":{"line":22,"column":3},"end":{"line":23,"column":null}},{"start":{"line":24,"column":3},"end":{"line":25,"column":null}}]},"1":{"loc":{"start":{"line":30,"column":2},"end":{"line":32,"column":null}},"type":"if","locations":[{"start":{"line":30,"column":2},"end":{"line":32,"column":null}},{"start":{"line":30,"column":2},"end":{"line":32,"column":null}}]},"2":{"loc":{"start":{"line":34,"column":2},"end":{"line":38,"column":null}},"type":"if","locations":[{"start":{"line":34,"column":2},"end":{"line":38,"column":null}},{"start":{"line":34,"column":2},"end":{"line":38,"column":null}}]},"3":{"loc":{"start":{"line":35,"column":3},"end":{"line":37,"column":null}},"type":"if","locations":[{"start":{"line":35,"column":3},"end":{"line":37,"column":null}},{"start":{"line":35,"column":3},"end":{"line":37,"column":null}}]},"4":{"loc":{"start":{"line":52,"column":2},"end":{"line":54,"column":null}},"type":"if","locations":[{"start":{"line":52,"column":2},"end":{"line":54,"column":null}},{"start":{"line":52,"column":2},"end":{"line":54,"column":null}}]},"5":{"loc":{"start":{"line":56,"column":2},"end":{"line":60,"column":null}},"type":"if","locations":[{"start":{"line":56,"column":2},"end":{"line":60,"column":null}},{"start":{"line":56,"column":2},"end":{"line":60,"column":null}}]},"6":{"loc":{"start":{"line":57,"column":3},"end":{"line":59,"column":null}},"type":"if","locations":[{"start":{"line":57,"column":3},"end":{"line":59,"column":null}},{"start":{"line":57,"column":3},"end":{"line":59,"column":null}}]},"7":{"loc":{"start":{"line":66,"column":2},"end":{"line":78,"column":null}},"type":"if","locations":[{"start":{"line":66,"column":2},"end":{"line":78,"column":null}},{"start":{"line":66,"column":2},"end":{"line":78,"column":null}}]},"8":{"loc":{"start":{"line":68,"column":3},"end":{"line":72,"column":null}},"type":"if","locations":[{"start":{"line":68,"column":3},"end":{"line":72,"column":null}},{"start":{"line":68,"column":3},"end":{"line":72,"column":null}}]},"9":{"loc":{"start":{"line":69,"column":4},"end":{"line":71,"column":null}},"type":"if","locations":[{"start":{"line":69,"column":4},"end":{"line":71,"column":null}},{"start":{"line":69,"column":4},"end":{"line":71,"column":null}}]},"10":{"loc":{"start":{"line":73,"column":3},"end":{"line":77,"column":null}},"type":"if","locations":[{"start":{"line":73,"column":3},"end":{"line":77,"column":null}},{"start":{"line":73,"column":3},"end":{"line":77,"column":null}}]},"11":{"loc":{"start":{"line":74,"column":4},"end":{"line":76,"column":null}},"type":"if","locations":[{"start":{"line":74,"column":4},"end":{"line":76,"column":null}},{"start":{"line":74,"column":4},"end":{"line":76,"column":null}}]},"12":{"loc":{"start":{"line":80,"column":2},"end":{"line":82,"column":null}},"type":"if","locations":[{"start":{"line":80,"column":2},"end":{"line":82,"column":null}},{"start":{"line":80,"column":2},"end":{"line":82,"column":null}}]}},"s":{"0":2653,"1":2653,"2":2653,"3":1,"4":2653,"5":2653,"6":2653,"7":2653,"8":663,"9":663,"10":663,"11":664,"12":664,"13":650,"14":664,"15":664,"16":103,"17":98,"18":2652,"19":1,"20":663,"21":650,"22":663,"23":663,"24":102,"25":98,"26":663,"27":650,"28":650,"29":600,"30":588,"31":650,"32":350,"33":336,"34":663,"35":663,"36":102,"37":2,"38":2,"39":2653,"40":2,"41":1},"f":{"0":2653,"1":2653,"2":2653,"3":664,"4":2652,"5":663,"6":663,"7":663,"8":2,"9":2,"10":2653},"b":{"0":[663,663,663,664],"1":[650,14],"2":[103,561],"3":[98,5],"4":[650,13],"5":[102,561],"6":[98,4],"7":[650,13],"8":[600,50],"9":[588,12],"10":[350,300],"11":[336,14],"12":[102,561]}}
}
