{"/Users/miguel/Dropbox/Cursos/fullstackTDD/workspace/gilded-rose/src/core/gilded-rose.ts": {"path":"/Users/miguel/Dropbox/Cursos/fullstackTDD/workspace/gilded-rose/src/core/gilded-rose.ts","statementMap":{"0":{"start":{"line":7,"column":2},"end":{"line":7,"column":19}},"1":{"start":{"line":8,"column":2},"end":{"line":8,"column":23}},"2":{"start":{"line":9,"column":2},"end":{"line":9,"column":25}},"3":{"start":{"line":1,"column":0},"end":{"line":1,"column":13}},"4":{"start":{"line":17,"column":2},"end":{"line":17,"column":21}},"5":{"start":{"line":21,"column":2},"end":{"line":65,"column":null}},"6":{"start":{"line":21,"column":15},"end":{"line":21,"column":16}},"7":{"start":{"line":22,"column":3},"end":{"line":44,"column":null}},"8":{"start":{"line":23,"column":4},"end":{"line":27,"column":null}},"9":{"start":{"line":24,"column":5},"end":{"line":26,"column":null}},"10":{"start":{"line":25,"column":6},"end":{"line":25,"column":null}},"11":{"start":{"line":29,"column":4},"end":{"line":43,"column":null}},"12":{"start":{"line":30,"column":5},"end":{"line":30,"column":null}},"13":{"start":{"line":31,"column":5},"end":{"line":42,"column":null}},"14":{"start":{"line":32,"column":6},"end":{"line":36,"column":null}},"15":{"start":{"line":33,"column":7},"end":{"line":35,"column":null}},"16":{"start":{"line":34,"column":8},"end":{"line":34,"column":null}},"17":{"start":{"line":37,"column":6},"end":{"line":41,"column":null}},"18":{"start":{"line":38,"column":7},"end":{"line":40,"column":null}},"19":{"start":{"line":39,"column":8},"end":{"line":39,"column":null}},"20":{"start":{"line":45,"column":3},"end":{"line":47,"column":null}},"21":{"start":{"line":46,"column":4},"end":{"line":46,"column":52}},"22":{"start":{"line":48,"column":3},"end":{"line":64,"column":null}},"23":{"start":{"line":49,"column":4},"end":{"line":63,"column":null}},"24":{"start":{"line":50,"column":5},"end":{"line":58,"column":null}},"25":{"start":{"line":51,"column":6},"end":{"line":55,"column":null}},"26":{"start":{"line":52,"column":7},"end":{"line":54,"column":null}},"27":{"start":{"line":53,"column":8},"end":{"line":53,"column":null}},"28":{"start":{"line":57,"column":6},"end":{"line":57,"column":null}},"29":{"start":{"line":60,"column":5},"end":{"line":62,"column":null}},"30":{"start":{"line":61,"column":6},"end":{"line":61,"column":null}},"31":{"start":{"line":67,"column":2},"end":{"line":67,"column":20}},"32":{"start":{"line":13,"column":0},"end":{"line":13,"column":13}}},"fnMap":{"0":{"name":"(anonymous_0)","decl":{"start":{"line":6,"column":1},"end":{"line":6,"column":13}},"loc":{"start":{"line":6,"column":34},"end":{"line":10,"column":2}}},"1":{"name":"(anonymous_1)","decl":{"start":{"line":16,"column":1},"end":{"line":16,"column":13}},"loc":{"start":{"line":16,"column":38},"end":{"line":18,"column":2}}},"2":{"name":"(anonymous_2)","decl":{"start":{"line":20,"column":1},"end":{"line":20,"column":14}},"loc":{"start":{"line":20,"column":14},"end":{"line":68,"column":2}}}},"branchMap":{"0":{"loc":{"start":{"line":16,"column":21},"end":{"line":16,"column":38}},"type":"default-arg","locations":[{"start":{"line":16,"column":21},"end":{"line":16,"column":38}}]},"1":{"loc":{"start":{"line":22,"column":3},"end":{"line":44,"column":null}},"type":"if","locations":[{"start":{"line":22,"column":3},"end":{"line":44,"column":null}},{"start":{"line":22,"column":3},"end":{"line":44,"column":null}}]},"2":{"loc":{"start":{"line":22,"column":7},"end":{"line":22,"column":40}},"type":"binary-expr","locations":[{"start":{"line":22,"column":7},"end":{"line":22,"column":40}},{"start":{"line":22,"column":44},"end":{"line":22,"column":109}}]},"3":{"loc":{"start":{"line":23,"column":4},"end":{"line":27,"column":null}},"type":"if","locations":[{"start":{"line":23,"column":4},"end":{"line":27,"column":null}},{"start":{"line":23,"column":4},"end":{"line":27,"column":null}}]},"4":{"loc":{"start":{"line":24,"column":5},"end":{"line":26,"column":null}},"type":"if","locations":[{"start":{"line":24,"column":5},"end":{"line":26,"column":null}},{"start":{"line":24,"column":5},"end":{"line":26,"column":null}}]},"5":{"loc":{"start":{"line":29,"column":4},"end":{"line":43,"column":null}},"type":"if","locations":[{"start":{"line":29,"column":4},"end":{"line":43,"column":null}},{"start":{"line":29,"column":4},"end":{"line":43,"column":null}}]},"6":{"loc":{"start":{"line":31,"column":5},"end":{"line":42,"column":null}},"type":"if","locations":[{"start":{"line":31,"column":5},"end":{"line":42,"column":null}},{"start":{"line":31,"column":5},"end":{"line":42,"column":null}}]},"7":{"loc":{"start":{"line":32,"column":6},"end":{"line":36,"column":null}},"type":"if","locations":[{"start":{"line":32,"column":6},"end":{"line":36,"column":null}},{"start":{"line":32,"column":6},"end":{"line":36,"column":null}}]},"8":{"loc":{"start":{"line":33,"column":7},"end":{"line":35,"column":null}},"type":"if","locations":[{"start":{"line":33,"column":7},"end":{"line":35,"column":null}},{"start":{"line":33,"column":7},"end":{"line":35,"column":null}}]},"9":{"loc":{"start":{"line":37,"column":6},"end":{"line":41,"column":null}},"type":"if","locations":[{"start":{"line":37,"column":6},"end":{"line":41,"column":null}},{"start":{"line":37,"column":6},"end":{"line":41,"column":null}}]},"10":{"loc":{"start":{"line":38,"column":7},"end":{"line":40,"column":null}},"type":"if","locations":[{"start":{"line":38,"column":7},"end":{"line":40,"column":null}},{"start":{"line":38,"column":7},"end":{"line":40,"column":null}}]},"11":{"loc":{"start":{"line":45,"column":3},"end":{"line":47,"column":null}},"type":"if","locations":[{"start":{"line":45,"column":3},"end":{"line":47,"column":null}},{"start":{"line":45,"column":3},"end":{"line":47,"column":null}}]},"12":{"loc":{"start":{"line":48,"column":3},"end":{"line":64,"column":null}},"type":"if","locations":[{"start":{"line":48,"column":3},"end":{"line":64,"column":null}},{"start":{"line":48,"column":3},"end":{"line":64,"column":null}}]},"13":{"loc":{"start":{"line":49,"column":4},"end":{"line":63,"column":null}},"type":"if","locations":[{"start":{"line":49,"column":4},"end":{"line":63,"column":null}},{"start":{"line":49,"column":4},"end":{"line":63,"column":null}}]},"14":{"loc":{"start":{"line":50,"column":5},"end":{"line":58,"column":null}},"type":"if","locations":[{"start":{"line":50,"column":5},"end":{"line":58,"column":null}},{"start":{"line":50,"column":5},"end":{"line":58,"column":null}}]},"15":{"loc":{"start":{"line":51,"column":6},"end":{"line":55,"column":null}},"type":"if","locations":[{"start":{"line":51,"column":6},"end":{"line":55,"column":null}},{"start":{"line":51,"column":6},"end":{"line":55,"column":null}}]},"16":{"loc":{"start":{"line":52,"column":7},"end":{"line":54,"column":null}},"type":"if","locations":[{"start":{"line":52,"column":7},"end":{"line":54,"column":null}},{"start":{"line":52,"column":7},"end":{"line":54,"column":null}}]},"17":{"loc":{"start":{"line":60,"column":5},"end":{"line":62,"column":null}},"type":"if","locations":[{"start":{"line":60,"column":5},"end":{"line":62,"column":null}},{"start":{"line":60,"column":5},"end":{"line":62,"column":null}}]}},"s":{"0":2652,"1":2652,"2":2652,"3":1,"4":1,"5":1,"6":1,"7":2652,"8":1326,"9":1300,"10":650,"11":1326,"12":1300,"13":1300,"14":650,"15":600,"16":588,"17":650,"18":350,"19":336,"20":2652,"21":1989,"22":2652,"23":357,"24":255,"25":153,"26":148,"27":98,"28":102,"29":102,"30":98,"31":1,"32":1},"f":{"0":2652,"1":1,"2":1},"b":{"0":[0],"1":[1326,1326],"2":[2652,1989],"3":[1300,26],"4":[650,650],"5":[1300,26],"6":[650,650],"7":[600,50],"8":[588,12],"9":[350,300],"10":[336,14],"11":[1989,663],"12":[357,2295],"13":[255,102],"14":[153,102],"15":[148,5],"16":[98,50],"17":[98,4]}}
}
