TN:
SF:src/core/gilded-rose.ts
FN:6,(anonymous_0)
FN:14,(anonymous_1)
FN:16,(anonymous_2)
FN:29,(anonymous_3)
FN:41,(anonymous_4)
FN:51,(anonymous_5)
FN:65,(anonymous_6)
FN:87,(anonymous_7)
FN:91,(anonymous_8)
FN:93,(anonymous_9)
FN:94,(anonymous_10)
FNF:11
FNH:11
FNDA:2653,(anonymous_0)
FNDA:2653,(anonymous_1)
FNDA:2653,(anonymous_2)
FNDA:664,(anonymous_3)
FNDA:2652,(anonymous_4)
FNDA:663,(anonymous_5)
FNDA:663,(anonymous_6)
FNDA:663,(anonymous_7)
FNDA:2,(anonymous_8)
FNDA:2,(anonymous_9)
FNDA:2653,(anonymous_10)
DA:1,1
DA:7,2653
DA:8,2653
DA:9,2653
DA:13,1
DA:14,2653
DA:17,2653
DA:19,663
DA:21,663
DA:23,663
DA:25,664
DA:30,664
DA:31,650
DA:33,664
DA:34,664
DA:35,103
DA:36,98
DA:42,2652
DA:52,663
DA:53,650
DA:55,663
DA:56,663
DA:57,102
DA:58,98
DA:66,663
DA:67,650
DA:68,650
DA:69,600
DA:70,588
DA:73,650
DA:74,350
DA:75,336
DA:79,663
DA:80,663
DA:81,102
DA:90,1
DA:91,2
DA:94,2
DA:95,2653
DA:98,2
LF:40
LH:40
BRDA:18,0,0,663
BRDA:18,0,1,663
BRDA:18,0,2,663
BRDA:18,0,3,664
BRDA:30,1,0,650
BRDA:30,1,1,14
BRDA:34,2,0,103
BRDA:34,2,1,561
BRDA:35,3,0,98
BRDA:35,3,1,5
BRDA:52,4,0,650
BRDA:52,4,1,13
BRDA:56,5,0,102
BRDA:56,5,1,561
BRDA:57,6,0,98
BRDA:57,6,1,4
BRDA:66,7,0,650
BRDA:66,7,1,13
BRDA:68,8,0,600
BRDA:68,8,1,50
BRDA:69,9,0,588
BRDA:69,9,1,12
BRDA:73,10,0,350
BRDA:73,10,1,300
BRDA:74,11,0,336
BRDA:74,11,1,14
BRDA:80,12,0,102
BRDA:80,12,1,561
BRF:28
BRH:28
end_of_record
