TN:
SF:src/core/gilded-rose.ts
FN:6,(anonymous_0)
FN:14,(anonymous_1)
FN:16,(anonymous_2)
FN:17,(anonymous_3)
FN:24,(anonymous_4)
FNF:5
FNH:5
FNDA:2653,(anonymous_0)
FNDA:2,(anonymous_1)
FNDA:2,(anonymous_2)
FNDA:2653,(anonymous_3)
FNDA:2653,(anonymous_4)
DA:1,1
DA:7,2653
DA:8,2653
DA:9,2653
DA:13,1
DA:14,2
DA:17,2
DA:18,2653
DA:21,2
DA:25,2653
DA:26,663
DA:27,650
DA:29,663
DA:30,663
DA:31,102
DA:32,98
DA:37,1990
DA:38,663
DA:39,650
DA:40,650
DA:41,600
DA:42,588
DA:45,650
DA:46,350
DA:47,336
DA:51,663
DA:52,663
DA:53,102
DA:57,1327
DA:58,663
DA:62,663
DA:63,51
DA:69,664
DA:70,650
DA:71,650
DA:74,664
DA:75,664
DA:77,664
DA:78,103
DA:79,98
DA:80,98
LF:41
LH:41
BRDA:25,0,0,663
BRDA:25,0,1,1990
BRDA:26,1,0,650
BRDA:26,1,1,13
BRDA:30,2,0,102
BRDA:30,2,1,561
BRDA:31,3,0,98
BRDA:31,3,1,4
BRDA:37,4,0,663
BRDA:37,4,1,1327
BRDA:38,5,0,650
BRDA:38,5,1,13
BRDA:40,6,0,600
BRDA:40,6,1,50
BRDA:41,7,0,588
BRDA:41,7,1,12
BRDA:45,8,0,350
BRDA:45,8,1,300
BRDA:46,9,0,336
BRDA:46,9,1,14
BRDA:52,10,0,102
BRDA:52,10,1,561
BRDA:57,11,0,663
BRDA:57,11,1,664
BRDA:58,12,0,650
BRDA:58,12,1,13
BRDA:62,13,0,51
BRDA:62,13,1,612
BRDA:63,14,0,50
BRDA:63,14,1,1
BRDA:69,15,0,650
BRDA:69,15,1,14
BRDA:70,16,0,650
BRDA:70,16,1,0
BRDA:74,17,0,664
BRDA:74,17,1,0
BRDA:77,18,0,103
BRDA:77,18,1,561
BRDA:78,19,0,98
BRDA:78,19,1,5
BRDA:79,20,0,98
BRDA:79,20,1,0
BRF:42
BRH:39
end_of_record
